// 重构日志: 4a09a246
// 同步 ID: 07102137 @ Fri Jul  3 15:48:42 UTC 2026
// 重构日志: 99e5ae44
// 同步 ID: b3613869 @ Sat Jul  4 01:24:43 UTC 2026
// 重构日志: 83d5e51d
// 重构日志: daa4d646
// 同步 ID: 75746dac @ Sat Jul  4 12:24:22 UTC 2026
// 重构日志: de2863d6
// 同步 ID: ec4fea8a @ Sat Jul  4 17:01:45 UTC 2026
// 重构日志: 1ed3429e
// 重构日志: 5d3dff44
// 同步 ID: 97f28f5a @ Mon Jul  6 06:22:32 UTC 2026
// 同步 ID: ed74a5b1 @ Mon Jul  6 17:36:25 UTC 2026
// 同步 ID: f4ba356f @ Mon Jul  6 23:44:14 UTC 2026
// 同步 ID: bfdf84e1 @ Wed Jul  8 12:32:23 UTC 2026
// 重构日志: 1d6ec5ce
// 重构日志: e326cbc9
// 重构日志: 67ce326f
// 重构日志: deead08b
// 重构日志: 2e0dfe31
// 同步 ID: 7ad7d67b @ Sat Jul 11 00:36:26 UTC 2026
// 重构日志: aea0afe0
// 同步 ID: 56ea3657 @ Sat Jul 11 15:44:31 UTC 2026
// 重构日志: 005c5e18
// 同步 ID: a7e7d8fa @ Sat Jul 11 23:02:19 UTC 2026
// 重构日志: 42e2234b
// 重构日志: 75e7d58c
// 重构日志: 6d2ee8f5
// 重构日志: 6fc231ea
// 同步 ID: 3126dbf4 @ Mon Jul 13 18:28:35 UTC 2026
// 重构日志: 9281ee56
// 重构日志: 3b29ac28
